=== RUN   Test1
14:07:28.928745 [0] listening at [::]:60659
14:07:28.950762 [1] listening at [::]:60660
14:07:28.964760 [2] listening at [::]:60661
14:07:28.969846 [3] listening at [::]:60662
14:07:28.976772 [4] listening at [::]:60663
14:07:29.177471 AT NODE 0: Election timer started: 4.51s, with term=0
14:07:29.177471 AT NODE 3: Election timer started: 4.875s, with term=0
14:07:29.177471 AT NODE 1: Election timer started: 5.687s, with term=0
14:07:29.178470 AT NODE 2: Election timer started: 3.269s, with term=0
14:07:29.178470 AT NODE 4: Election timer started: 3.594s, with term=0
14:07:32.580258 AT NODE 2: became Candidate with term=1;
14:07:32.580258 AT NODE 2: Election timer started: 3.929s, with term=1
14:07:32.580258 AT NODE 2: sending RequestVote to 1: {Term:1 CandidateId:2 LastLogIndex:-1 LastLogTerm:-1 Latency:216}
14:07:32.580258 AT NODE 2: sending RequestVote to 0: {Term:1 CandidateId:2 LastLogIndex:-1 LastLogTerm:-1 Latency:138}
14:07:32.580258 AT NODE 2: sending RequestVote to 3: {Term:1 CandidateId:2 LastLogIndex:-1 LastLogTerm:-1 Latency:162}
14:07:32.581224 AT NODE 2: sending RequestVote to 4: {Term:1 CandidateId:2 LastLogIndex:-1 LastLogTerm:-1 Latency:230}
14:07:32.750309 AT NODE 0: Received Vote Request from NODE 2; Args: {Term:1 CandidateId:2 LastLogIndex:-1 LastLogTerm:-1 Latency:138} [currentTerm=0, votedFor=-1, log index/term=(-1, -1)]
14:07:32.750309 AT NODE 0: became Follower with term=1; log=[]
14:07:32.750309 AT NODE 0: Sending Request Vote Reply: &{Term:1 VoteGranted:true}
14:07:32.750309 AT NODE 0: Election timer started: 4.424s, with term=1
14:07:32.751241 AT NODE 2: received RequestVoteReply from 0: {Term:1 VoteGranted:true}
14:07:32.751241 AT NODE 2: became Leader with term=1; log=[]
14:07:32.751241 AT NODE 2: became Leader; term=1, nextIndex=map[0:0 1:0 3:0 4:0], matchIndex=map[0:-1 1:-1 3:-1 4:-1]; log=[]
14:07:32.765408 AT NODE 3: Received Vote Request from NODE 2; Args: {Term:1 CandidateId:2 LastLogIndex:-1 LastLogTerm:-1 Latency:162} [currentTerm=0, votedFor=-1, log index/term=(-1, -1)]
14:07:32.765408 AT NODE 3: became Follower with term=1; log=[]
14:07:32.765408 AT NODE 3: Sending Request Vote Reply: &{Term:1 VoteGranted:true}
14:07:32.765408 AT NODE 3: Election timer started: 5.216s, with term=1
14:07:32.766224 AT NODE 2: received RequestVoteReply from 3: {Term:1 VoteGranted:true}
14:07:32.766224 AT NODE 2: State changed from Candidate to Leader
14:07:32.780265 AT NODE 4: became Candidate with term=1;
14:07:32.780265 AT NODE 4: Election timer started: 4.412s, with term=1
14:07:32.780265 AT NODE 4: sending RequestVote to 0: {Term:1 CandidateId:4 LastLogIndex:-1 LastLogTerm:-1 Latency:272}
14:07:32.780265 AT NODE 4: sending RequestVote to 2: {Term:1 CandidateId:4 LastLogIndex:-1 LastLogTerm:-1 Latency:0}
14:07:32.780265 AT NODE 4: sending RequestVote to 3: {Term:1 CandidateId:4 LastLogIndex:-1 LastLogTerm:-1 Latency:259}
14:07:32.780265 AT NODE 4: sending RequestVote to 1: {Term:1 CandidateId:4 LastLogIndex:-1 LastLogTerm:-1 Latency:148}
14:07:32.811266 AT NODE 2: Received Vote Request from NODE 4; Args: {Term:1 CandidateId:4 LastLogIndex:-1 LastLogTerm:-1 Latency:0} [currentTerm=1, votedFor=2, log index/term=(-1, -1)]
14:07:32.811266 AT NODE 2: Sending Request Vote Reply: &{Term:1 VoteGranted:false}
14:07:32.811266 AT NODE 4: received RequestVoteReply from 2: {Term:1 VoteGranted:false}
14:07:32.826225 AT NODE 1: Received Vote Request from NODE 2; Args: {Term:1 CandidateId:2 LastLogIndex:-1 LastLogTerm:-1 Latency:216} [currentTerm=0, votedFor=-1, log index/term=(-1, -1)]
14:07:32.826225 AT NODE 1: became Follower with term=1; log=[]
14:07:32.826225 AT NODE 1: Sending Request Vote Reply: &{Term:1 VoteGranted:true}
14:07:32.826225 AT NODE 1: Election timer started: 5.963s, with term=1
14:07:32.827229 AT NODE 2: received RequestVoteReply from 1: {Term:1 VoteGranted:true}
14:07:32.827229 AT NODE 2: State changed from Candidate to Leader
14:07:32.842224 AT NODE 4: Received Vote Request from NODE 2; Args: {Term:1 CandidateId:2 LastLogIndex:-1 LastLogTerm:-1 Latency:230} [currentTerm=1, votedFor=4, log index/term=(-1, -1)]
14:07:32.842224 AT NODE 4: Sending Request Vote Reply: &{Term:1 VoteGranted:false}
14:07:32.842224 AT NODE 2: received RequestVoteReply from 4: {Term:1 VoteGranted:false}
14:07:32.842224 AT NODE 2: State changed from Candidate to Leader
14:07:32.951700 [ACTION] Disconnecting 2
14:07:32.951700 AT NODE 1: Received Vote Request from NODE 4; Args: {Term:1 CandidateId:4 LastLogIndex:-1 LastLogTerm:-1 Latency:148} [currentTerm=1, votedFor=2, log index/term=(-1, -1)]
14:07:32.951700 AT NODE 1: Sending Request Vote Reply: &{Term:1 VoteGranted:false}
14:07:32.951700 AT NODE 4: received RequestVoteReply from 1: {Term:1 VoteGranted:false}
14:07:33.059719 AT NODE 4: became Follower with term=1; log=[]
14:07:33.059719 AT NODE 4: Election timer started: 3.881s, with term=1
14:07:33.075650 AT NODE 3: Received Vote Request from NODE 4; Args: {Term:1 CandidateId:4 LastLogIndex:-1 LastLogTerm:-1 Latency:259} [currentTerm=1, votedFor=2, log index/term=(-1, -1)]
14:07:33.075650 AT NODE 0: Received Vote Request from NODE 4; Args: {Term:1 CandidateId:4 LastLogIndex:-1 LastLogTerm:-1 Latency:272} [currentTerm=1, votedFor=2, log index/term=(-1, -1)]
14:07:33.075650 AT NODE 3: Sending Request Vote Reply: &{Term:1 VoteGranted:false}
14:07:33.075650 AT NODE 0: Sending Request Vote Reply: &{Term:1 VoteGranted:false}
14:07:33.076654 AT NODE 4: received RequestVoteReply from 3: {Term:1 VoteGranted:false}
14:07:33.076654 AT NODE 4: State changed from Candidate to Follower
14:07:33.076654 AT NODE 4: received RequestVoteReply from 0: {Term:1 VoteGranted:false}
14:07:33.076654 AT NODE 4: State changed from Candidate to Follower
14:07:37.066699 AT NODE 4: became Candidate with term=2;
14:07:37.067372 AT NODE 4: Election timer started: 5.788s, with term=2
14:07:37.067372 AT NODE 4: sending RequestVote to 0: {Term:2 CandidateId:4 LastLogIndex:-1 LastLogTerm:-1 Latency:225}
14:07:37.068374 AT NODE 4: sending RequestVote to 3: {Term:2 CandidateId:4 LastLogIndex:-1 LastLogTerm:-1 Latency:363}
14:07:37.067372 AT NODE 4: sending RequestVote to 1: {Term:2 CandidateId:4 LastLogIndex:-1 LastLogTerm:-1 Latency:406}
14:07:37.068374 AT NODE 4: sending RequestVote to 2: {Term:2 CandidateId:4 LastLogIndex:-1 LastLogTerm:-1 Latency:139}
14:07:37.316516 AT NODE 0: Received Vote Request from NODE 4; Args: {Term:2 CandidateId:4 LastLogIndex:-1 LastLogTerm:-1 Latency:225} [currentTerm=1, votedFor=2, log index/term=(-1, -1)]
14:07:37.316695 AT NODE 0: became Follower with term=2; log=[]
14:07:37.316695 AT NODE 0: Sending Request Vote Reply: &{Term:2 VoteGranted:true}
14:07:37.316695 AT NODE 0: Election timer started: 5.226s, with term=2
14:07:37.317690 AT NODE 4: received RequestVoteReply from 0: {Term:2 VoteGranted:true}
14:07:37.317690 AT NODE 4: became Leader with term=2; log=[]
14:07:37.317690 AT NODE 4: became Leader; term=2, nextIndex=map[0:0 1:0 2:0 3:0], matchIndex=map[0:-1 1:-1 2:-1 3:-1]; log=[]
14:07:37.457145 AT NODE 3: Received Vote Request from NODE 4; Args: {Term:2 CandidateId:4 LastLogIndex:-1 LastLogTerm:-1 Latency:363} [currentTerm=1, votedFor=2, log index/term=(-1, -1)]
14:07:37.457145 AT NODE 3: became Follower with term=2; log=[]
14:07:37.457770 AT NODE 3: Sending Request Vote Reply: &{Term:2 VoteGranted:true}
14:07:37.457770 AT NODE 3: Election timer started: 5.015s, with term=2
14:07:37.457770 AT NODE 4: received RequestVoteReply from 3: {Term:2 VoteGranted:true}
14:07:37.458731 AT NODE 4: State changed from Candidate to Leader
14:07:37.503992 AT NODE 1: Received Vote Request from NODE 4; Args: {Term:2 CandidateId:4 LastLogIndex:-1 LastLogTerm:-1 Latency:406} [currentTerm=1, votedFor=2, log index/term=(-1, -1)]
14:07:37.504670 AT NODE 1: became Follower with term=2; log=[]
14:07:37.504670 AT NODE 1: Sending Request Vote Reply: &{Term:2 VoteGranted:true}
14:07:37.504670 [ACTION] Disconnecting 4
14:07:37.504670 AT NODE 1: Election timer started: 4.047s, with term=2
14:07:37.505678 AT NODE 4: received RequestVoteReply from 1: {Term:2 VoteGranted:true}
14:07:37.505678 AT NODE 4: State changed from Candidate to Leader
14:07:41.910860 AT NODE 1: became Candidate with term=3;
14:07:41.911415 AT NODE 1: Election timer started: 3.719s, with term=3
14:07:41.911415 AT NODE 1: sending RequestVote to 0: {Term:3 CandidateId:1 LastLogIndex:-1 LastLogTerm:-1 Latency:93}
14:07:41.911415 AT NODE 1: sending RequestVote to 3: {Term:3 CandidateId:1 LastLogIndex:-1 LastLogTerm:-1 Latency:61}
14:07:41.911415 AT NODE 1: sending RequestVote to 4: {Term:3 CandidateId:1 LastLogIndex:-1 LastLogTerm:-1 Latency:32}
14:07:41.911415 AT NODE 1: sending RequestVote to 2: {Term:3 CandidateId:1 LastLogIndex:-1 LastLogTerm:-1 Latency:123}
14:07:42.002364 AT NODE 3: Received Vote Request from NODE 1; Args: {Term:3 CandidateId:1 LastLogIndex:-1 LastLogTerm:-1 Latency:61} [currentTerm=2, votedFor=4, log index/term=(-1, -1)]
14:07:42.002540 AT NODE 3: became Follower with term=3; log=[]
14:07:42.002540 AT NODE 3: Sending Request Vote Reply: &{Term:3 VoteGranted:true}
14:07:42.002540 AT NODE 3: Election timer started: 5.862s, with term=3
14:07:42.003224 AT NODE 1: received RequestVoteReply from 3: {Term:3 VoteGranted:true}
14:07:42.003224 AT NODE 1: became Leader with term=3; log=[]
14:07:42.004225 AT NODE 1: became Leader; term=3, nextIndex=map[0:0 2:0 3:0 4:0], matchIndex=map[0:-1 2:-1 3:-1 4:-1]; log=[]
14:07:42.032966 AT NODE 0: Received Vote Request from NODE 1; Args: {Term:3 CandidateId:1 LastLogIndex:-1 LastLogTerm:-1 Latency:93} [currentTerm=2, votedFor=4, log index/term=(-1, -1)]
14:07:42.032966 AT NODE 0: became Follower with term=3; log=[]
14:07:42.032966 AT NODE 0: Sending Request Vote Reply: &{Term:3 VoteGranted:true}
14:07:42.032966 AT NODE 0: Election timer started: 4.522s, with term=3
14:07:42.033998 AT NODE 1: received RequestVoteReply from 0: {Term:3 VoteGranted:true}
14:07:42.033998 AT NODE 1: State changed from Candidate to Leader
14:07:42.063459 [ACTION] Disconnecting 1
14:07:47.042523 AT NODE 0: became Candidate with term=4;
14:07:47.042715 AT NODE 0: Election timer started: 5.017s, with term=4
14:07:47.042715 AT NODE 0: sending RequestVote to 1: {Term:4 CandidateId:0 LastLogIndex:-1 LastLogTerm:-1 Latency:447}
14:07:47.042715 AT NODE 0: sending RequestVote to 2: {Term:4 CandidateId:0 LastLogIndex:-1 LastLogTerm:-1 Latency:11}
14:07:47.042715 AT NODE 0: sending RequestVote to 3: {Term:4 CandidateId:0 LastLogIndex:-1 LastLogTerm:-1 Latency:476}
14:07:47.042715 AT NODE 0: sending RequestVote to 4: {Term:4 CandidateId:0 LastLogIndex:-1 LastLogTerm:-1 Latency:142}
14:07:47.544119 AT NODE 3: Received Vote Request from NODE 0; Args: {Term:4 CandidateId:0 LastLogIndex:-1 LastLogTerm:-1 Latency:476} [currentTerm=3, votedFor=1, log index/term=(-1, -1)]
14:07:47.544119 AT NODE 3: became Follower with term=4; log=[]
14:07:47.544119 AT NODE 3: Sending Request Vote Reply: &{Term:4 VoteGranted:true}
14:07:47.544119 AT NODE 3: Election timer started: 4.666s, with term=4
14:07:47.544764 AT NODE 0: received RequestVoteReply from 3: {Term:4 VoteGranted:true}
14:07:47.544764 AT NODE 0: became Leader with term=4; log=[]
14:07:47.545765 AT NODE 0: became Leader; term=4, nextIndex=map[1:0 2:0 3:0 4:0], matchIndex=map[1:-1 2:-1 3:-1 4:-1]; log=[]
14:07:51.123368 AT NODE 0: KILLED
14:07:51.123368 AT NODE 0: applyCommitedLogEntries done
14:07:51.124370 AT NODE 3: KILLED
14:07:51.124370 AT NODE 3: applyCommitedLogEntries done
--- PASS: Test1 (22.21s)
PASS
ok  	RaftLogReplication	24.348s
