=== RUN   Test2
14:09:21.471947 [0] listening at [::]:60731
14:09:21.474944 [1] listening at [::]:60732
14:09:21.475944 [2] listening at [::]:60733
14:09:21.476943 [3] listening at [::]:60734
14:09:21.477945 [4] listening at [::]:60735
14:09:21.502949 AT NODE 3: Election timer started: 3.553s, with term=0
14:09:21.502949 AT NODE 1: Election timer started: 5.996s, with term=0
14:09:21.502949 AT NODE 2: Election timer started: 3.307s, with term=0
14:09:21.502949 AT NODE 0: Election timer started: 3.057s, with term=0
14:09:21.503961 AT NODE 4: Election timer started: 3.138s, with term=0
14:09:24.706328 AT NODE 0: became Candidate with term=1;
14:09:24.706328 AT NODE 4: became Candidate with term=1;
14:09:24.707236 AT NODE 0: Election timer started: 3.481s, with term=1
14:09:24.707236 AT NODE 4: Election timer started: 3.662s, with term=1
14:09:24.707236 AT NODE 0: sending RequestVote to 1: {Term:1 CandidateId:0 LastLogIndex:-1 LastLogTerm:-1 Latency:230}
14:09:24.707236 AT NODE 0: sending RequestVote to 2: {Term:1 CandidateId:0 LastLogIndex:-1 LastLogTerm:-1 Latency:389}
14:09:24.707236 AT NODE 4: sending RequestVote to 0: {Term:1 CandidateId:4 LastLogIndex:-1 LastLogTerm:-1 Latency:205}
14:09:24.707236 AT NODE 4: sending RequestVote to 2: {Term:1 CandidateId:4 LastLogIndex:-1 LastLogTerm:-1 Latency:216}
14:09:24.707236 AT NODE 0: sending RequestVote to 3: {Term:1 CandidateId:0 LastLogIndex:-1 LastLogTerm:-1 Latency:465}
14:09:24.707236 AT NODE 0: sending RequestVote to 4: {Term:1 CandidateId:0 LastLogIndex:-1 LastLogTerm:-1 Latency:315}
14:09:24.707236 AT NODE 4: sending RequestVote to 3: {Term:1 CandidateId:4 LastLogIndex:-1 LastLogTerm:-1 Latency:391}
14:09:24.707236 AT NODE 4: sending RequestVote to 1: {Term:1 CandidateId:4 LastLogIndex:-1 LastLogTerm:-1 Latency:83}
14:09:24.816887 AT NODE 1: Received Vote Request from NODE 4; Args: {Term:1 CandidateId:4 LastLogIndex:-1 LastLogTerm:-1 Latency:83} [currentTerm=0, votedFor=-1, log index/term=(-1, -1)]
14:09:24.816887 AT NODE 1: became Follower with term=1; log=[]
14:09:24.816887 AT NODE 1: Sending Request Vote Reply: &{Term:1 VoteGranted:true}
14:09:24.816887 AT NODE 1: Election timer started: 3.097s, with term=1
14:09:24.818775 AT NODE 4: received RequestVoteReply from 1: {Term:1 VoteGranted:true}
14:09:24.818775 AT NODE 4: became Leader with term=1; log=[]
14:09:24.818775 AT NODE 4: became Leader; term=1, nextIndex=map[0:0 1:0 2:0 3:0], matchIndex=map[0:-1 1:-1 2:-1 3:-1]; log=[]
14:09:24.912866 AT NODE 2: became Candidate with term=1;
14:09:24.912866 AT NODE 2: Election timer started: 5.648s, with term=1
14:09:24.912866 AT NODE 2: sending RequestVote to 0: {Term:1 CandidateId:2 LastLogIndex:-1 LastLogTerm:-1 Latency:41}
14:09:24.912866 AT NODE 2: sending RequestVote to 3: {Term:1 CandidateId:2 LastLogIndex:-1 LastLogTerm:-1 Latency:454}
14:09:24.913779 AT NODE 2: sending RequestVote to 1: {Term:1 CandidateId:2 LastLogIndex:-1 LastLogTerm:-1 Latency:183}
14:09:24.913779 AT NODE 2: sending RequestVote to 4: {Term:1 CandidateId:2 LastLogIndex:-1 LastLogTerm:-1 Latency:383}
14:09:24.944881 AT NODE 0: Received Vote Request from NODE 4; Args: {Term:1 CandidateId:4 LastLogIndex:-1 LastLogTerm:-1 Latency:205} [currentTerm=1, votedFor=0, log index/term=(-1, -1)]
14:09:24.944881 AT NODE 0: Sending Request Vote Reply: &{Term:1 VoteGranted:false}
14:09:24.945821 AT NODE 4: received RequestVoteReply from 0: {Term:1 VoteGranted:false}
14:09:24.945821 AT NODE 4: State changed from Candidate to Leader
14:09:24.960821 AT NODE 2: Received Vote Request from NODE 4; Args: {Term:1 CandidateId:4 LastLogIndex:-1 LastLogTerm:-1 Latency:216} [currentTerm=1, votedFor=2, log index/term=(-1, -1)]
14:09:24.960821 AT NODE 1: Received Vote Request from NODE 0; Args: {Term:1 CandidateId:0 LastLogIndex:-1 LastLogTerm:-1 Latency:230} [currentTerm=1, votedFor=4, log index/term=(-1, -1)]
14:09:24.960821 AT NODE 2: Sending Request Vote Reply: &{Term:1 VoteGranted:false}
14:09:24.960821 AT NODE 1: Sending Request Vote Reply: &{Term:1 VoteGranted:false}
14:09:24.962242 AT NODE 4: received RequestVoteReply from 2: {Term:1 VoteGranted:false}
14:09:24.962242 AT NODE 4: State changed from Candidate to Leader
14:09:24.962242 AT NODE 0: received RequestVoteReply from 1: {Term:1 VoteGranted:false}
14:09:24.976139 AT NODE 0: Received Vote Request from NODE 2; Args: {Term:1 CandidateId:2 LastLogIndex:-1 LastLogTerm:-1 Latency:41} [currentTerm=1, votedFor=0, log index/term=(-1, -1)]
14:09:24.976139 AT NODE 0: Sending Request Vote Reply: &{Term:1 VoteGranted:false}
14:09:24.977031 AT NODE 2: received RequestVoteReply from 0: {Term:1 VoteGranted:false}
14:09:25.054531 AT NODE 4: Received Vote Request from NODE 0; Args: {Term:1 CandidateId:0 LastLogIndex:-1 LastLogTerm:-1 Latency:315} [currentTerm=1, votedFor=4, log index/term=(-1, -1)]
14:09:25.054531 AT NODE 4: Sending Request Vote Reply: &{Term:1 VoteGranted:false}
14:09:25.055032 AT NODE 0: received RequestVoteReply from 4: {Term:1 VoteGranted:false}
14:09:25.117117 AT NODE 3: became Candidate with term=1;
14:09:25.117117 AT NODE 3: Election timer started: 3.061s, with term=1
14:09:25.117117 AT NODE 3: sending RequestVote to 0: {Term:1 CandidateId:3 LastLogIndex:-1 LastLogTerm:-1 Latency:464}
14:09:25.117117 AT NODE 3: sending RequestVote to 4: {Term:1 CandidateId:3 LastLogIndex:-1 LastLogTerm:-1 Latency:426}
14:09:25.117117 AT NODE 3: sending RequestVote to 2: {Term:1 CandidateId:3 LastLogIndex:-1 LastLogTerm:-1 Latency:204}
14:09:25.117117 AT NODE 3: sending RequestVote to 1: {Term:1 CandidateId:3 LastLogIndex:-1 LastLogTerm:-1 Latency:313}
14:09:25.118031 AT NODE 1: Received Vote Request from NODE 2; Args: {Term:1 CandidateId:2 LastLogIndex:-1 LastLogTerm:-1 Latency:183} [currentTerm=1, votedFor=4, log index/term=(-1, -1)]
14:09:25.118031 AT NODE 1: Sending Request Vote Reply: &{Term:1 VoteGranted:false}
14:09:25.119035 AT NODE 2: received RequestVoteReply from 1: {Term:1 VoteGranted:false}
14:09:25.145811 AT NODE 2: Received Vote Request from NODE 0; Args: {Term:1 CandidateId:0 LastLogIndex:-1 LastLogTerm:-1 Latency:389} [currentTerm=1, votedFor=2, log index/term=(-1, -1)]
14:09:25.145811 AT NODE 2: Sending Request Vote Reply: &{Term:1 VoteGranted:false}
14:09:25.147810 AT NODE 0: received RequestVoteReply from 2: {Term:1 VoteGranted:false}
14:09:25.148836 AT NODE 3: Received Vote Request from NODE 4; Args: {Term:1 CandidateId:4 LastLogIndex:-1 LastLogTerm:-1 Latency:391} [currentTerm=1, votedFor=3, log index/term=(-1, -1)]
14:09:25.148836 AT NODE 3: Sending Request Vote Reply: &{Term:1 VoteGranted:false}
14:09:25.150808 AT NODE 4: received RequestVoteReply from 3: {Term:1 VoteGranted:false}
14:09:25.150808 AT NODE 4: State changed from Candidate to Leader
14:09:25.194499 AT NODE 3: Received Vote Request from NODE 0; Args: {Term:1 CandidateId:0 LastLogIndex:-1 LastLogTerm:-1 Latency:465} [currentTerm=1, votedFor=3, log index/term=(-1, -1)]
14:09:25.194499 AT NODE 3: Sending Request Vote Reply: &{Term:1 VoteGranted:false}
14:09:25.195370 AT NODE 0: received RequestVoteReply from 3: {Term:1 VoteGranted:false}
14:09:25.272729 AT NODE 3: became Follower with term=1; log=[]
14:09:25.272729 AT NODE 3: Election timer started: 4.982s, with term=1
14:09:25.302736 AT NODE 2: became Follower with term=1; log=[]
14:09:25.303257 AT NODE 2: Election timer started: 5.192s, with term=1
14:09:25.303257 AT NODE 4: ReceiveClientCommand received by Leader: Set X = 5
14:09:25.303809 AT NODE 4: Log=[{Set X = 5 1}]
14:09:25.303809 AT NODE 4: ReceiveClientCommand received by Leader: Set X = 1000
14:09:25.303809 AT NODE 4: Log=[{Set X = 5 1} {Set X = 1000 1}]
14:09:25.318203 AT NODE 0: became Follower with term=1; log=[]
14:09:25.318203 AT NODE 4: Received Vote Request from NODE 2; Args: {Term:1 CandidateId:2 LastLogIndex:-1 LastLogTerm:-1 Latency:383} [currentTerm=1, votedFor=4, log index/term=(1, 1)]
14:09:25.318716 AT NODE 4: Sending Request Vote Reply: &{Term:1 VoteGranted:false}
14:09:25.318716 AT NODE 0: Election timer started: 5.706s, with term=1
14:09:25.320452 AT NODE 2: received RequestVoteReply from 4: {Term:1 VoteGranted:false}
14:09:25.320452 AT NODE 2: State changed from Candidate to Follower
14:09:25.349325 AT NODE 2: Received Vote Request from NODE 3; Args: {Term:1 CandidateId:3 LastLogIndex:-1 LastLogTerm:-1 Latency:204} [currentTerm=1, votedFor=-1, log index/term=(-1, -1)]
14:09:25.349325 AT NODE 2: Sending Request Vote Reply: &{Term:1 VoteGranted:true}
14:09:25.351099 AT NODE 3: received RequestVoteReply from 2: {Term:1 VoteGranted:true}
14:09:25.351615 AT NODE 3: State changed from Candidate to Follower
14:09:25.396808 AT NODE 3: Received Vote Request from NODE 2; Args: {Term:1 CandidateId:2 LastLogIndex:-1 LastLogTerm:-1 Latency:454} [currentTerm=1, votedFor=-1, log index/term=(-1, -1)]
14:09:25.397323 AT NODE 3: Sending Request Vote Reply: &{Term:1 VoteGranted:true}
14:09:25.400814 AT NODE 2: received RequestVoteReply from 3: {Term:1 VoteGranted:true}
14:09:25.401364 AT NODE 2: State changed from Candidate to Follower
14:09:25.459583 AT NODE 1: Received Vote Request from NODE 3; Args: {Term:1 CandidateId:3 LastLogIndex:-1 LastLogTerm:-1 Latency:313} [currentTerm=1, votedFor=4, log index/term=(-1, -1)]
14:09:25.459583 AT NODE 1: Sending Request Vote Reply: &{Term:1 VoteGranted:false}
14:09:25.460724 AT NODE 3: received RequestVoteReply from 1: {Term:1 VoteGranted:false}
14:09:25.460724 AT NODE 3: State changed from Candidate to Follower
14:09:25.568847 AT NODE 4: Received Vote Request from NODE 3; Args: {Term:1 CandidateId:3 LastLogIndex:-1 LastLogTerm:-1 Latency:426} [currentTerm=1, votedFor=4, log index/term=(1, 1)]
14:09:25.569428 AT NODE 4: Sending Request Vote Reply: &{Term:1 VoteGranted:false}
14:09:25.569997 AT NODE 3: received RequestVoteReply from 4: {Term:1 VoteGranted:false}
14:09:25.569997 AT NODE 3: State changed from Candidate to Follower
14:09:25.615124 AT NODE 0: Received Vote Request from NODE 3; Args: {Term:1 CandidateId:3 LastLogIndex:-1 LastLogTerm:-1 Latency:464} [currentTerm=1, votedFor=-1, log index/term=(-1, -1)]
14:09:25.615124 AT NODE 0: Sending Request Vote Reply: &{Term:1 VoteGranted:true}
14:09:25.617494 AT NODE 3: received RequestVoteReply from 0: {Term:1 VoteGranted:true}
14:09:25.618557 AT NODE 3: State changed from Candidate to Follower
14:09:25.820125 AT NODE 4: sending AppendEntries to 0: currentPeer_nextIndex=0, args={Term:1 LeaderId:4 PrevLogIndex:-1 PrevLogTerm:-1 Entries:[{Command:Set X = 5 Term:1} {Command:Set X = 1000 Term:1}] LeaderCommit:-1 Latency:5}
14:09:25.820125 AT NODE 4: sending AppendEntries to 1: currentPeer_nextIndex=0, args={Term:1 LeaderId:4 PrevLogIndex:-1 PrevLogTerm:-1 Entries:[{Command:Set X = 5 Term:1} {Command:Set X = 1000 Term:1}] LeaderCommit:-1 Latency:369}
14:09:25.820125 AT NODE 4: sending AppendEntries to 2: currentPeer_nextIndex=0, args={Term:1 LeaderId:4 PrevLogIndex:-1 PrevLogTerm:-1 Entries:[{Command:Set X = 5 Term:1} {Command:Set X = 1000 Term:1}] LeaderCommit:-1 Latency:385}
14:09:25.820125 AT NODE 4: sending AppendEntries to 3: currentPeer_nextIndex=0, args={Term:1 LeaderId:4 PrevLogIndex:-1 PrevLogTerm:-1 Entries:[{Command:Set X = 5 Term:1} {Command:Set X = 1000 Term:1}] LeaderCommit:-1 Latency:158}
14:09:25.852366 AT NODE 0: Received AppendEntries from NODE 4; args: {Term:1 LeaderId:4 PrevLogIndex:-1 PrevLogTerm:-1 Entries:[{Command:Set X = 5 Term:1} {Command:Set X = 1000 Term:1}] LeaderCommit:-1 Latency:5}
14:09:25.852366 AT NODE 0: Log is now: [{Set X = 5 1} {Set X = 1000 1}]
14:09:25.852366 AT NODE 0: Sending AppendEntries reply: {Term:1 Success:true}
14:09:25.853112 AT NODE 4: AppendEntries reply from NODE 0 success: nextIndex := map[0:2 1:0 2:0 3:0], matchIndex := map[0:1 1:-1 2:-1 3:-1]
14:09:26.006336 AT NODE 3: Received AppendEntries from NODE 4; args: {Term:1 LeaderId:4 PrevLogIndex:-1 PrevLogTerm:-1 Entries:[{Command:Set X = 5 Term:1} {Command:Set X = 1000 Term:1}] LeaderCommit:-1 Latency:158}
14:09:26.006336 AT NODE 3: Log is now: [{Set X = 5 1} {Set X = 1000 1}]
14:09:26.006336 AT NODE 3: Sending AppendEntries reply: {Term:1 Success:true}
14:09:26.007162 AT NODE 4: AppendEntries reply from NODE 3 success: nextIndex := map[0:2 1:0 2:0 3:2], matchIndex := map[0:1 1:-1 2:-1 3:1]
14:09:26.007162 AT NODE 4: leader sets commitIndex := 1
14:09:26.221528 AT NODE 1: Received AppendEntries from NODE 4; args: {Term:1 LeaderId:4 PrevLogIndex:-1 PrevLogTerm:-1 Entries:[{Command:Set X = 5 Term:1} {Command:Set X = 1000 Term:1}] LeaderCommit:-1 Latency:369}
14:09:26.221528 AT NODE 1: Log is now: [{Set X = 5 1} {Set X = 1000 1}]
14:09:26.221528 AT NODE 1: Sending AppendEntries reply: {Term:1 Success:true}
14:09:26.222330 AT NODE 4: AppendEntries reply from NODE 1 success: nextIndex := map[0:2 1:2 2:0 3:2], matchIndex := map[0:1 1:1 2:-1 3:1]
14:09:26.237327 AT NODE 2: Received AppendEntries from NODE 4; args: {Term:1 LeaderId:4 PrevLogIndex:-1 PrevLogTerm:-1 Entries:[{Command:Set X = 5 Term:1} {Command:Set X = 1000 Term:1}] LeaderCommit:-1 Latency:385}
14:09:26.237327 AT NODE 2: Log is now: [{Set X = 5 1} {Set X = 1000 1}]
14:09:26.237327 AT NODE 2: Sending AppendEntries reply: {Term:1 Success:true}
14:09:26.239345 AT NODE 4: AppendEntries reply from NODE 2 success: nextIndex := map[0:2 1:2 2:2 3:2], matchIndex := map[0:1 1:1 2:1 3:1]
14:09:28.318760 [ACTION] Disconnecting 4
14:09:31.131587 AT NODE 3: became Candidate with term=2;
14:09:31.132684 AT NODE 3: Election timer started: 4.923s, with term=2
14:09:31.132684 AT NODE 3: sending RequestVote to 0: {Term:2 CandidateId:3 LastLogIndex:1 LastLogTerm:1 Latency:383}
14:09:31.132684 AT NODE 3: sending RequestVote to 1: {Term:2 CandidateId:3 LastLogIndex:1 LastLogTerm:1 Latency:224}
14:09:31.132684 AT NODE 3: sending RequestVote to 2: {Term:2 CandidateId:3 LastLogIndex:1 LastLogTerm:1 Latency:194}
14:09:31.133611 AT NODE 3: sending RequestVote to 4: {Term:2 CandidateId:3 LastLogIndex:1 LastLogTerm:1 Latency:153}
14:09:31.350660 AT NODE 2: Received Vote Request from NODE 3; Args: {Term:2 CandidateId:3 LastLogIndex:1 LastLogTerm:1 Latency:194} [currentTerm=1, votedFor=3, log index/term=(1, 1)]
14:09:31.350660 AT NODE 2: became Follower with term=2; log=[{Set X = 5 1} {Set X = 1000 1}]
14:09:31.350660 AT NODE 2: Sending Request Vote Reply: &{Term:2 VoteGranted:true}
14:09:31.350660 AT NODE 2: Election timer started: 3.891s, with term=2
14:09:31.351595 AT NODE 3: received RequestVoteReply from 2: {Term:2 VoteGranted:true}
14:09:31.351595 AT NODE 3: became Leader with term=2; log=[{Set X = 5 1} {Set X = 1000 1}]
14:09:31.351595 AT NODE 3: became Leader; term=2, nextIndex=map[0:2 1:2 2:2 4:2], matchIndex=map[0:-1 1:-1 2:-1 4:-1]; log=[{Set X = 5 1} {Set X = 1000 1}]
14:09:31.381726 AT NODE 1: Received Vote Request from NODE 3; Args: {Term:2 CandidateId:3 LastLogIndex:1 LastLogTerm:1 Latency:224} [currentTerm=1, votedFor=4, log index/term=(1, 1)]
14:09:31.381726 AT NODE 1: became Follower with term=2; log=[{Set X = 5 1} {Set X = 1000 1}]
14:09:31.382116 AT NODE 1: Sending Request Vote Reply: &{Term:2 VoteGranted:true}
14:09:31.382116 AT NODE 1: Election timer started: 4.497s, with term=2
14:09:31.382592 AT NODE 3: received RequestVoteReply from 1: {Term:2 VoteGranted:true}
14:09:31.382592 AT NODE 3: State changed from Candidate to Leader
14:09:31.539503 AT NODE 0: Received Vote Request from NODE 3; Args: {Term:2 CandidateId:3 LastLogIndex:1 LastLogTerm:1 Latency:383} [currentTerm=1, votedFor=3, log index/term=(1, 1)]
14:09:31.539503 AT NODE 0: became Follower with term=2; log=[{Set X = 5 1} {Set X = 1000 1}]
14:09:31.539503 AT NODE 0: Sending Request Vote Reply: &{Term:2 VoteGranted:true}
14:09:31.540287 AT NODE 0: Election timer started: 3.517s, with term=2
14:09:31.540287 AT NODE 3: received RequestVoteReply from 0: {Term:2 VoteGranted:true}
14:09:31.540287 AT NODE 3: State changed from Candidate to Leader
14:09:32.090047 AT NODE 3: ReceiveClientCommand received by Leader: Set X = X+10
14:09:32.090047 AT NODE 3: Log=[{Set X = 5 1} {Set X = 1000 1} {Set X = X+10 2}]
14:09:32.090047 AT NODE 3: ReceiveClientCommand received by Leader: Set X = X+1
14:09:32.090047 AT NODE 3: Log=[{Set X = 5 1} {Set X = 1000 1} {Set X = X+10 2} {Set X = X+1 2}]
14:09:32.090047 AT NODE 3: ReceiveClientCommand received by Leader: Set Y = 5
14:09:32.090796 AT NODE 3: Log=[{Set X = 5 1} {Set X = 1000 1} {Set X = X+10 2} {Set X = X+1 2} {Set Y = 5 2}]
14:09:32.090796 AT NODE 3: ReceiveClientCommand received by Leader: Set Y = X+Y
14:09:32.090796 AT NODE 3: Log=[{Set X = 5 1} {Set X = 1000 1} {Set X = X+10 2} {Set X = X+1 2} {Set Y = 5 2} {Set Y = X+Y 2}]
14:09:32.090796 AT NODE 3: ReceiveClientCommand received by Leader: Set Y = Y+3
14:09:32.090796 AT NODE 3: Log=[{Set X = 5 1} {Set X = 1000 1} {Set X = X+10 2} {Set X = X+1 2} {Set Y = 5 2} {Set Y = X+Y 2} {Set Y = Y+3 2}]
14:09:32.090796 AT NODE 3: ReceiveClientCommand received by Leader: Set Z = -1
14:09:32.090796 AT NODE 3: Log=[{Set X = 5 1} {Set X = 1000 1} {Set X = X+10 2} {Set X = X+1 2} {Set Y = 5 2} {Set Y = X+Y 2} {Set Y = Y+3 2} {Set Z = -1 2}]
14:09:32.356550 AT NODE 3: sending AppendEntries to 1: currentPeer_nextIndex=2, args={Term:2 LeaderId:3 PrevLogIndex:1 PrevLogTerm:1 Entries:[{Command:Set X = X+10 Term:2} {Command:Set X = X+1 Term:2} {Command:Set Y = 5 Term:2} {Command:Set Y = X+Y Term:2} {Command:Set Y = Y+3 Term:2} {Command:Set Z = -1 Term:2}] LeaderCommit:1 Latency:8}
14:09:32.356550 AT NODE 3: sending AppendEntries to 2: currentPeer_nextIndex=2, args={Term:2 LeaderId:3 PrevLogIndex:1 PrevLogTerm:1 Entries:[{Command:Set X = X+10 Term:2} {Command:Set X = X+1 Term:2} {Command:Set Y = 5 Term:2} {Command:Set Y = X+Y Term:2} {Command:Set Y = Y+3 Term:2} {Command:Set Z = -1 Term:2}] LeaderCommit:1 Latency:305}
14:09:32.356550 AT NODE 3: sending AppendEntries to 4: currentPeer_nextIndex=2, args={Term:2 LeaderId:3 PrevLogIndex:1 PrevLogTerm:1 Entries:[{Command:Set X = X+10 Term:2} {Command:Set X = X+1 Term:2} {Command:Set Y = 5 Term:2} {Command:Set Y = X+Y Term:2} {Command:Set Y = Y+3 Term:2} {Command:Set Z = -1 Term:2}] LeaderCommit:1 Latency:66}
14:09:32.356550 AT NODE 3: sending AppendEntries to 0: currentPeer_nextIndex=2, args={Term:2 LeaderId:3 PrevLogIndex:1 PrevLogTerm:1 Entries:[{Command:Set X = X+10 Term:2} {Command:Set X = X+1 Term:2} {Command:Set Y = 5 Term:2} {Command:Set Y = X+Y Term:2} {Command:Set Y = Y+3 Term:2} {Command:Set Z = -1 Term:2}] LeaderCommit:1 Latency:115}
14:09:32.387029 AT NODE 1: Received AppendEntries from NODE 3; args: {Term:2 LeaderId:3 PrevLogIndex:1 PrevLogTerm:1 Entries:[{Command:Set X = X+10 Term:2} {Command:Set X = X+1 Term:2} {Command:Set Y = 5 Term:2} {Command:Set Y = X+Y Term:2} {Command:Set Y = Y+3 Term:2} {Command:Set Z = -1 Term:2}] LeaderCommit:1 Latency:8}
14:09:32.387029 AT NODE 1: Log is now: [{Set X = 5 1} {Set X = 1000 1} {Set X = X+10 2} {Set X = X+1 2} {Set Y = 5 2} {Set Y = X+Y 2} {Set Y = Y+3 2} {Set Z = -1 2}]
14:09:32.387683 AT NODE 1: Sending AppendEntries reply: {Term:2 Success:true}
14:09:32.388615 AT NODE 3: AppendEntries reply from NODE 1 success: nextIndex := map[0:2 1:8 2:2 4:2], matchIndex := map[0:1 1:7 2:1 4:-1]
14:09:32.497018 AT NODE 0: Received AppendEntries from NODE 3; args: {Term:2 LeaderId:3 PrevLogIndex:1 PrevLogTerm:1 Entries:[{Command:Set X = X+10 Term:2} {Command:Set X = X+1 Term:2} {Command:Set Y = 5 Term:2} {Command:Set Y = X+Y Term:2} {Command:Set Y = Y+3 Term:2} {Command:Set Z = -1 Term:2}] LeaderCommit:1 Latency:115}
14:09:32.497824 AT NODE 0: Log is now: [{Set X = 5 1} {Set X = 1000 1} {Set X = X+10 2} {Set X = X+1 2} {Set Y = 5 2} {Set Y = X+Y 2} {Set Y = Y+3 2} {Set Z = -1 2}]
14:09:32.497824 AT NODE 0: Sending AppendEntries reply: {Term:2 Success:true}
14:09:32.499758 AT NODE 3: AppendEntries reply from NODE 0 success: nextIndex := map[0:8 1:8 2:2 4:2], matchIndex := map[0:7 1:7 2:1 4:-1]
14:09:32.499758 AT NODE 3: leader sets commitIndex := 7
14:09:32.686306 AT NODE 2: Received AppendEntries from NODE 3; args: {Term:2 LeaderId:3 PrevLogIndex:1 PrevLogTerm:1 Entries:[{Command:Set X = X+10 Term:2} {Command:Set X = X+1 Term:2} {Command:Set Y = 5 Term:2} {Command:Set Y = X+Y Term:2} {Command:Set Y = Y+3 Term:2} {Command:Set Z = -1 Term:2}] LeaderCommit:1 Latency:305}
14:09:32.686306 AT NODE 2: Log is now: [{Set X = 5 1} {Set X = 1000 1} {Set X = X+10 2} {Set X = X+1 2} {Set Y = 5 2} {Set Y = X+Y 2} {Set Y = Y+3 2} {Set Z = -1 2}]
14:09:32.686306 AT NODE 2: Sending AppendEntries reply: {Term:2 Success:true}
14:09:32.687309 AT NODE 3: AppendEntries reply from NODE 2 success: nextIndex := map[0:8 1:8 2:8 4:2], matchIndex := map[0:7 1:7 2:7 4:-1]
14:09:33.358786 AT NODE 3: sending AppendEntries to 4: currentPeer_nextIndex=2, args={Term:2 LeaderId:3 PrevLogIndex:1 PrevLogTerm:1 Entries:[{Command:Set X = X+10 Term:2} {Command:Set X = X+1 Term:2} {Command:Set Y = 5 Term:2} {Command:Set Y = X+Y Term:2} {Command:Set Y = Y+3 Term:2} {Command:Set Z = -1 Term:2}] LeaderCommit:7 Latency:280}
14:09:34.354196 AT NODE 3: sending AppendEntries to 4: currentPeer_nextIndex=2, args={Term:2 LeaderId:3 PrevLogIndex:1 PrevLogTerm:1 Entries:[{Command:Set X = X+10 Term:2} {Command:Set X = X+1 Term:2} {Command:Set Y = 5 Term:2} {Command:Set Y = X+Y Term:2} {Command:Set Y = Y+3 Term:2} {Command:Set Z = -1 Term:2}] LeaderCommit:7 Latency:255}
14:09:35.106347 AT NODE 3: ReceiveClientCommand received by Leader: Set Z = 3
14:09:35.106347 AT NODE 3: Log=[{Set X = 5 1} {Set X = 1000 1} {Set X = X+10 2} {Set X = X+1 2} {Set Y = 5 2} {Set Y = X+Y 2} {Set Y = Y+3 2} {Set Z = -1 2} {Set Z = 3 2}]
14:09:35.358604 AT NODE 3: sending AppendEntries to 0: currentPeer_nextIndex=8, args={Term:2 LeaderId:3 PrevLogIndex:7 PrevLogTerm:2 Entries:[{Command:Set Z = 3 Term:2}] LeaderCommit:7 Latency:366}
14:09:35.358604 AT NODE 3: sending AppendEntries to 1: currentPeer_nextIndex=8, args={Term:2 LeaderId:3 PrevLogIndex:7 PrevLogTerm:2 Entries:[{Command:Set Z = 3 Term:2}] LeaderCommit:7 Latency:395}
14:09:35.359690 AT NODE 3: sending AppendEntries to 2: currentPeer_nextIndex=8, args={Term:2 LeaderId:3 PrevLogIndex:7 PrevLogTerm:2 Entries:[{Command:Set Z = 3 Term:2}] LeaderCommit:7 Latency:282}
14:09:35.359690 AT NODE 3: sending AppendEntries to 4: currentPeer_nextIndex=2, args={Term:2 LeaderId:3 PrevLogIndex:1 PrevLogTerm:1 Entries:[{Command:Set X = X+10 Term:2} {Command:Set X = X+1 Term:2} {Command:Set Y = 5 Term:2} {Command:Set Y = X+Y Term:2} {Command:Set Y = Y+3 Term:2} {Command:Set Z = -1 Term:2} {Command:Set Z = 3 Term:2}] LeaderCommit:7 Latency:368}
14:09:35.670410 AT NODE 2: Received AppendEntries from NODE 3; args: {Term:2 LeaderId:3 PrevLogIndex:7 PrevLogTerm:2 Entries:[{Command:Set Z = 3 Term:2}] LeaderCommit:7 Latency:282}
14:09:35.670410 AT NODE 2: Log is now: [{Set X = 5 1} {Set X = 1000 1} {Set X = X+10 2} {Set X = X+1 2} {Set Y = 5 2} {Set Y = X+Y 2} {Set Y = Y+3 2} {Set Z = -1 2} {Set Z = 3 2}]
14:09:35.670410 AT NODE 2: Sending AppendEntries reply: {Term:2 Success:true}
14:09:35.671040 AT NODE 3: AppendEntries reply from NODE 2 success: nextIndex := map[0:8 1:8 2:9 4:2], matchIndex := map[0:7 1:7 2:8 4:-1]
14:09:35.749741 AT NODE 0: Received AppendEntries from NODE 3; args: {Term:2 LeaderId:3 PrevLogIndex:7 PrevLogTerm:2 Entries:[{Command:Set Z = 3 Term:2}] LeaderCommit:7 Latency:366}
14:09:35.749741 AT NODE 0: Log is now: [{Set X = 5 1} {Set X = 1000 1} {Set X = X+10 2} {Set X = X+1 2} {Set Y = 5 2} {Set Y = X+Y 2} {Set Y = Y+3 2} {Set Z = -1 2} {Set Z = 3 2}]
14:09:35.749741 AT NODE 0: Sending AppendEntries reply: {Term:2 Success:true}
14:09:35.750298 AT NODE 3: AppendEntries reply from NODE 0 success: nextIndex := map[0:9 1:8 2:9 4:2], matchIndex := map[0:8 1:7 2:8 4:-1]
14:09:35.751238 AT NODE 3: leader sets commitIndex := 8
14:09:35.780406 AT NODE 1: Received AppendEntries from NODE 3; args: {Term:2 LeaderId:3 PrevLogIndex:7 PrevLogTerm:2 Entries:[{Command:Set Z = 3 Term:2}] LeaderCommit:7 Latency:395}
14:09:35.780972 AT NODE 1: Log is now: [{Set X = 5 1} {Set X = 1000 1} {Set X = X+10 2} {Set X = X+1 2} {Set Y = 5 2} {Set Y = X+Y 2} {Set Y = Y+3 2} {Set Z = -1 2} {Set Z = 3 2}]
14:09:35.780972 AT NODE 1: Sending AppendEntries reply: {Term:2 Success:true}
14:09:35.781968 AT NODE 3: AppendEntries reply from NODE 1 success: nextIndex := map[0:9 1:9 2:9 4:2], matchIndex := map[0:8 1:8 2:8 4:-1]
14:09:36.364307 AT NODE 3: sending AppendEntries to 4: currentPeer_nextIndex=2, args={Term:2 LeaderId:3 PrevLogIndex:1 PrevLogTerm:1 Entries:[{Command:Set X = X+10 Term:2} {Command:Set X = X+1 Term:2} {Command:Set Y = 5 Term:2} {Command:Set Y = X+Y Term:2} {Command:Set Y = Y+3 Term:2} {Command:Set Z = -1 Term:2} {Command:Set Z = 3 Term:2}] LeaderCommit:8 Latency:103}
14:09:37.367529 AT NODE 3: sending AppendEntries to 4: currentPeer_nextIndex=2, args={Term:2 LeaderId:3 PrevLogIndex:1 PrevLogTerm:1 Entries:[{Command:Set X = X+10 Term:2} {Command:Set X = X+1 Term:2} {Command:Set Y = 5 Term:2} {Command:Set Y = X+Y Term:2} {Command:Set Y = Y+3 Term:2} {Command:Set Z = -1 Term:2} {Command:Set Z = 3 Term:2}] LeaderCommit:8 Latency:440}
14:09:38.116694 [ACTION] Reconnecting 4
14:09:38.366978 AT NODE 3: sending AppendEntries to 4: currentPeer_nextIndex=2, args={Term:2 LeaderId:3 PrevLogIndex:1 PrevLogTerm:1 Entries:[{Command:Set X = X+10 Term:2} {Command:Set X = X+1 Term:2} {Command:Set Y = 5 Term:2} {Command:Set Y = X+Y Term:2} {Command:Set Y = Y+3 Term:2} {Command:Set Z = -1 Term:2} {Command:Set Z = 3 Term:2}] LeaderCommit:8 Latency:413}
14:09:38.817985 AT NODE 4: Received AppendEntries from NODE 3; args: {Term:2 LeaderId:3 PrevLogIndex:1 PrevLogTerm:1 Entries:[{Command:Set X = X+10 Term:2} {Command:Set X = X+1 Term:2} {Command:Set Y = 5 Term:2} {Command:Set Y = X+Y Term:2} {Command:Set Y = Y+3 Term:2} {Command:Set Z = -1 Term:2} {Command:Set Z = 3 Term:2}] LeaderCommit:8 Latency:413}
14:09:38.817985 AT NODE 4: became Follower with term=2; log=[{Set X = 5 1} {Set X = 1000 1} {Set X = X-5 1}]
14:09:38.818547 AT NODE 4: Log is now: [{Set X = 5 1} {Set X = 1000 1} {Set X = X+10 2} {Set X = X+1 2} {Set Y = 5 2} {Set Y = X+Y 2} {Set Y = Y+3 2} {Set Z = -1 2} {Set Z = 3 2}]
14:09:38.818547 AT NODE 4: Sending AppendEntries reply: {Term:2 Success:true}
14:09:38.818547 AT NODE 4: Election timer started: 3.543s, with term=2
14:09:38.820543 AT NODE 3: AppendEntries reply from NODE 4 success: nextIndex := map[0:9 1:9 2:9 4:9], matchIndex := map[0:8 1:8 2:8 4:8]
14:09:53.147244 AT NODE 0: KILLED
14:09:53.147244 AT NODE 0: applyCommitedLogEntries done
14:09:53.148565 AT NODE 1: KILLED
14:09:53.148565 AT NODE 1: applyCommitedLogEntries done
14:09:53.149220 AT NODE 2: KILLED
14:09:53.149220 AT NODE 2: applyCommitedLogEntries done
14:09:53.149220 AT NODE 3: KILLED
14:09:53.149220 AT NODE 3: applyCommitedLogEntries done
14:09:53.150730 AT NODE 4: KILLED
14:09:53.151283 AT NODE 4: applyCommitedLogEntries done
--- PASS: Test2 (31.68s)
PASS
ok  	RaftLogReplication	33.564s
